2024-07-27 16:22:15,341 INFO    StreamThr :64970 [internal.py:wandb_internal():85] W&B internal server running at pid: 64970, started at: 2024-07-27 16:22:15.339080
2024-07-27 16:22:15,343 DEBUG   HandlerThread:64970 [handler.py:handle_request():158] handle_request: status
2024-07-27 16:22:15,349 INFO    WriterThread:64970 [datastore.py:open_for_write():87] open: /Users/chansmi/Documents/GitHub/collaborative-stegosystem/wandb/run-20240727_162215-b10xwr2m/run-b10xwr2m.wandb
2024-07-27 16:22:15,350 DEBUG   SenderThread:64970 [sender.py:send():379] send: header
2024-07-27 16:22:15,373 DEBUG   SenderThread:64970 [sender.py:send():379] send: run
2024-07-27 16:22:15,678 INFO    SenderThread:64970 [dir_watcher.py:__init__():211] watching files in: /Users/chansmi/Documents/GitHub/collaborative-stegosystem/wandb/run-20240727_162215-b10xwr2m/files
2024-07-27 16:22:15,678 INFO    SenderThread:64970 [sender.py:_start_run_threads():1188] run started: b10xwr2m with start time 1722111735.339895
2024-07-27 16:22:15,685 DEBUG   HandlerThread:64970 [handler.py:handle_request():158] handle_request: check_version
2024-07-27 16:22:15,686 DEBUG   SenderThread:64970 [sender.py:send_request():406] send_request: check_version
2024-07-27 16:22:15,841 DEBUG   HandlerThread:64970 [handler.py:handle_request():158] handle_request: run_start
2024-07-27 16:22:15,848 DEBUG   HandlerThread:64970 [system_info.py:__init__():26] System info init
2024-07-27 16:22:15,848 DEBUG   HandlerThread:64970 [system_info.py:__init__():41] System info init done
2024-07-27 16:22:15,848 INFO    HandlerThread:64970 [system_monitor.py:start():194] Starting system monitor
2024-07-27 16:22:15,848 INFO    SystemMonitor:64970 [system_monitor.py:_start():158] Starting system asset monitoring threads
2024-07-27 16:22:15,848 INFO    HandlerThread:64970 [system_monitor.py:probe():214] Collecting system info
2024-07-27 16:22:15,849 INFO    SystemMonitor:64970 [interfaces.py:start():188] Started cpu monitoring
2024-07-27 16:22:15,850 INFO    SystemMonitor:64970 [interfaces.py:start():188] Started disk monitoring
2024-07-27 16:22:15,851 INFO    SystemMonitor:64970 [interfaces.py:start():188] Started gpuapple monitoring
2024-07-27 16:22:15,854 INFO    SystemMonitor:64970 [interfaces.py:start():188] Started memory monitoring
2024-07-27 16:22:15,854 INFO    SystemMonitor:64970 [interfaces.py:start():188] Started network monitoring
2024-07-27 16:22:16,498 DEBUG   HandlerThread:64970 [system_info.py:probe():152] Probing system
2024-07-27 16:22:16,502 DEBUG   HandlerThread:64970 [system_info.py:_probe_git():137] Probing git
2024-07-27 16:22:16,514 DEBUG   HandlerThread:64970 [system_info.py:_probe_git():145] Probing git done
2024-07-27 16:22:16,515 DEBUG   HandlerThread:64970 [system_info.py:probe():200] Probing system done
2024-07-27 16:22:16,515 DEBUG   HandlerThread:64970 [system_monitor.py:probe():223] {'os': 'macOS-14.5-arm64-arm-64bit', 'python': '3.12.4', 'heartbeatAt': '2024-07-27T20:22:16.498834', 'startedAt': '2024-07-27T20:22:15.331294', 'docker': None, 'cuda': None, 'args': ('--config', 'configs/config.yaml'), 'state': 'running', 'program': '/Users/chansmi/Documents/GitHub/collaborative-stegosystem/src/main.py', 'codePathLocal': 'src/main.py', 'codePath': 'src/main.py', 'git': {'remote': 'https://github.com/chansmi/collaborative-stegosystem.git', 'commit': '6c99b287213e61cba5d4c1907453b0dcc04cf927'}, 'email': 'smith.18.chandler@gmail.com', 'root': '/Users/chansmi/Documents/GitHub/collaborative-stegosystem', 'host': 'Chandlers-MacBook-Pro.local', 'username': 'chansmi', 'executable': '/Users/chansmi/miniconda3/envs/collaborative-stegosystem/bin/python', 'cpu_count': 10, 'cpu_count_logical': 10, 'cpu_freq': {'current': 3228, 'min': 600, 'max': 3228}, 'cpu_freq_per_core': [{'current': 3228, 'min': 600, 'max': 3228}], 'disk': {'/': {'total': 926.3517189025879, 'used': 9.55495834350586}}, 'gpuapple': {'type': 'Apple M1 Pro', 'vendor': 'sppci_vendor_Apple'}, 'memory': {'total': 16.0}}
2024-07-27 16:22:16,515 INFO    HandlerThread:64970 [system_monitor.py:probe():224] Finished collecting system info
2024-07-27 16:22:16,515 INFO    HandlerThread:64970 [system_monitor.py:probe():227] Publishing system info
2024-07-27 16:22:16,515 DEBUG   HandlerThread:64970 [system_info.py:_save_conda():209] Saving list of conda packages installed into the current environment
2024-07-27 16:22:16,679 INFO    Thread-12 :64970 [dir_watcher.py:_on_file_created():271] file/dir created: /Users/chansmi/Documents/GitHub/collaborative-stegosystem/wandb/run-20240727_162215-b10xwr2m/files/conda-environment.yaml
2024-07-27 16:22:18,221 DEBUG   HandlerThread:64970 [system_info.py:_save_conda():224] Saving conda packages done
2024-07-27 16:22:18,221 INFO    HandlerThread:64970 [system_monitor.py:probe():229] Finished publishing system info
2024-07-27 16:22:18,224 DEBUG   SenderThread:64970 [sender.py:send():379] send: files
2024-07-27 16:22:18,224 INFO    SenderThread:64970 [sender.py:_save_file():1454] saving file wandb-metadata.json with policy now
2024-07-27 16:22:18,267 DEBUG   HandlerThread:64970 [handler.py:handle_request():158] handle_request: python_packages
2024-07-27 16:22:18,267 DEBUG   SenderThread:64970 [sender.py:send_request():406] send_request: python_packages
2024-07-27 16:22:18,267 DEBUG   HandlerThread:64970 [handler.py:handle_request():158] handle_request: stop_status
2024-07-27 16:22:18,268 DEBUG   SenderThread:64970 [sender.py:send_request():406] send_request: stop_status
2024-07-27 16:22:18,268 DEBUG   HandlerThread:64970 [handler.py:handle_request():158] handle_request: internal_messages
2024-07-27 16:22:18,442 DEBUG   SenderThread:64970 [sender.py:send():379] send: telemetry
2024-07-27 16:22:18,442 DEBUG   SenderThread:64970 [sender.py:send():379] send: exit
2024-07-27 16:22:18,442 INFO    SenderThread:64970 [sender.py:send_exit():586] handling exit code: 1
2024-07-27 16:22:18,443 INFO    SenderThread:64970 [sender.py:send_exit():588] handling runtime: 2
2024-07-27 16:22:18,443 INFO    SenderThread:64970 [sender.py:_save_file():1454] saving file wandb-summary.json with policy end
2024-07-27 16:22:18,443 INFO    SenderThread:64970 [sender.py:send_exit():594] send defer
2024-07-27 16:22:18,443 DEBUG   HandlerThread:64970 [handler.py:handle_request():158] handle_request: defer
2024-07-27 16:22:18,443 INFO    HandlerThread:64970 [handler.py:handle_request_defer():184] handle defer: 0
2024-07-27 16:22:18,444 DEBUG   SenderThread:64970 [sender.py:send_request():406] send_request: defer
2024-07-27 16:22:18,444 INFO    SenderThread:64970 [sender.py:send_request_defer():610] handle sender defer: 0
2024-07-27 16:22:18,444 INFO    SenderThread:64970 [sender.py:transition_state():614] send defer: 1
2024-07-27 16:22:18,444 DEBUG   HandlerThread:64970 [handler.py:handle_request():158] handle_request: defer
2024-07-27 16:22:18,444 INFO    HandlerThread:64970 [handler.py:handle_request_defer():184] handle defer: 1
2024-07-27 16:22:18,444 DEBUG   SenderThread:64970 [sender.py:send_request():406] send_request: defer
2024-07-27 16:22:18,444 INFO    SenderThread:64970 [sender.py:send_request_defer():610] handle sender defer: 1
2024-07-27 16:22:18,444 INFO    SenderThread:64970 [sender.py:transition_state():614] send defer: 2
2024-07-27 16:22:18,444 DEBUG   HandlerThread:64970 [handler.py:handle_request():158] handle_request: defer
2024-07-27 16:22:18,444 INFO    HandlerThread:64970 [handler.py:handle_request_defer():184] handle defer: 2
2024-07-27 16:22:18,444 INFO    HandlerThread:64970 [system_monitor.py:finish():203] Stopping system monitor
2024-07-27 16:22:18,444 DEBUG   SystemMonitor:64970 [system_monitor.py:_start():172] Starting system metrics aggregation loop
2024-07-27 16:22:18,444 DEBUG   SystemMonitor:64970 [system_monitor.py:_start():179] Finished system metrics aggregation loop
2024-07-27 16:22:18,445 INFO    HandlerThread:64970 [interfaces.py:finish():200] Joined cpu monitor
2024-07-27 16:22:18,445 DEBUG   SystemMonitor:64970 [system_monitor.py:_start():183] Publishing last batch of metrics
2024-07-27 16:22:18,445 INFO    HandlerThread:64970 [interfaces.py:finish():200] Joined disk monitor
2024-07-27 16:22:18,445 INFO    HandlerThread:64970 [interfaces.py:finish():200] Joined gpuapple monitor
2024-07-27 16:22:18,446 INFO    HandlerThread:64970 [interfaces.py:finish():200] Joined memory monitor
2024-07-27 16:22:18,446 INFO    HandlerThread:64970 [interfaces.py:finish():200] Joined network monitor
2024-07-27 16:22:18,446 DEBUG   SenderThread:64970 [sender.py:send_request():406] send_request: defer
2024-07-27 16:22:18,446 INFO    SenderThread:64970 [sender.py:send_request_defer():610] handle sender defer: 2
2024-07-27 16:22:18,446 INFO    SenderThread:64970 [sender.py:transition_state():614] send defer: 3
2024-07-27 16:22:18,446 DEBUG   SenderThread:64970 [sender.py:send():379] send: telemetry
2024-07-27 16:22:18,446 DEBUG   SenderThread:64970 [sender.py:send():379] send: stats
2024-07-27 16:22:18,446 DEBUG   HandlerThread:64970 [handler.py:handle_request():158] handle_request: defer
2024-07-27 16:22:18,446 INFO    HandlerThread:64970 [handler.py:handle_request_defer():184] handle defer: 3
2024-07-27 16:22:18,446 DEBUG   SenderThread:64970 [sender.py:send_request():406] send_request: defer
2024-07-27 16:22:18,446 INFO    SenderThread:64970 [sender.py:send_request_defer():610] handle sender defer: 3
2024-07-27 16:22:18,446 INFO    SenderThread:64970 [sender.py:transition_state():614] send defer: 4
2024-07-27 16:22:18,446 DEBUG   HandlerThread:64970 [handler.py:handle_request():158] handle_request: defer
2024-07-27 16:22:18,446 INFO    HandlerThread:64970 [handler.py:handle_request_defer():184] handle defer: 4
2024-07-27 16:22:18,446 DEBUG   SenderThread:64970 [sender.py:send_request():406] send_request: defer
2024-07-27 16:22:18,446 INFO    SenderThread:64970 [sender.py:send_request_defer():610] handle sender defer: 4
2024-07-27 16:22:18,446 INFO    SenderThread:64970 [sender.py:transition_state():614] send defer: 5
2024-07-27 16:22:18,446 DEBUG   HandlerThread:64970 [handler.py:handle_request():158] handle_request: defer
2024-07-27 16:22:18,446 INFO    HandlerThread:64970 [handler.py:handle_request_defer():184] handle defer: 5
2024-07-27 16:22:18,447 DEBUG   SenderThread:64970 [sender.py:send():379] send: summary
2024-07-27 16:22:18,447 INFO    SenderThread:64970 [sender.py:_save_file():1454] saving file wandb-summary.json with policy end
2024-07-27 16:22:18,447 DEBUG   SenderThread:64970 [sender.py:send_request():406] send_request: defer
2024-07-27 16:22:18,447 INFO    SenderThread:64970 [sender.py:send_request_defer():610] handle sender defer: 5
2024-07-27 16:22:18,447 INFO    SenderThread:64970 [sender.py:transition_state():614] send defer: 6
2024-07-27 16:22:18,447 DEBUG   HandlerThread:64970 [handler.py:handle_request():158] handle_request: defer
2024-07-27 16:22:18,447 INFO    HandlerThread:64970 [handler.py:handle_request_defer():184] handle defer: 6
2024-07-27 16:22:18,447 DEBUG   SenderThread:64970 [sender.py:send_request():406] send_request: defer
2024-07-27 16:22:18,447 INFO    SenderThread:64970 [sender.py:send_request_defer():610] handle sender defer: 6
2024-07-27 16:22:18,449 DEBUG   HandlerThread:64970 [handler.py:handle_request():158] handle_request: status_report
2024-07-27 16:22:18,547 INFO    SenderThread:64970 [sender.py:transition_state():614] send defer: 7
2024-07-27 16:22:18,547 DEBUG   HandlerThread:64970 [handler.py:handle_request():158] handle_request: defer
2024-07-27 16:22:18,547 INFO    HandlerThread:64970 [handler.py:handle_request_defer():184] handle defer: 7
2024-07-27 16:22:18,547 DEBUG   SenderThread:64970 [sender.py:send_request():406] send_request: defer
2024-07-27 16:22:18,547 INFO    SenderThread:64970 [sender.py:send_request_defer():610] handle sender defer: 7
2024-07-27 16:22:18,663 INFO    wandb-upload_0:64970 [upload_job.py:push():130] Uploaded file /var/folders/4_/8fl8gpsn25q7v8_92m978fd80000gn/T/tmp75qw_z2qwandb/5y3jxbbl-wandb-metadata.json
2024-07-27 16:22:18,687 INFO    Thread-12 :64970 [dir_watcher.py:_on_file_modified():288] file/dir modified: /Users/chansmi/Documents/GitHub/collaborative-stegosystem/wandb/run-20240727_162215-b10xwr2m/files/config.yaml
2024-07-27 16:22:18,687 INFO    Thread-12 :64970 [dir_watcher.py:_on_file_modified():288] file/dir modified: /Users/chansmi/Documents/GitHub/collaborative-stegosystem/wandb/run-20240727_162215-b10xwr2m/files/conda-environment.yaml
2024-07-27 16:22:18,687 INFO    Thread-12 :64970 [dir_watcher.py:_on_file_created():271] file/dir created: /Users/chansmi/Documents/GitHub/collaborative-stegosystem/wandb/run-20240727_162215-b10xwr2m/files/wandb-metadata.json
2024-07-27 16:22:18,687 INFO    Thread-12 :64970 [dir_watcher.py:_on_file_created():271] file/dir created: /Users/chansmi/Documents/GitHub/collaborative-stegosystem/wandb/run-20240727_162215-b10xwr2m/files/requirements.txt
2024-07-27 16:22:18,687 INFO    Thread-12 :64970 [dir_watcher.py:_on_file_created():271] file/dir created: /Users/chansmi/Documents/GitHub/collaborative-stegosystem/wandb/run-20240727_162215-b10xwr2m/files/output.log
2024-07-27 16:22:18,687 INFO    Thread-12 :64970 [dir_watcher.py:_on_file_created():271] file/dir created: /Users/chansmi/Documents/GitHub/collaborative-stegosystem/wandb/run-20240727_162215-b10xwr2m/files/wandb-summary.json
2024-07-27 16:22:19,323 DEBUG   HandlerThread:64970 [handler.py:handle_request():158] handle_request: poll_exit
2024-07-27 16:22:20,454 INFO    SenderThread:64970 [sender.py:transition_state():614] send defer: 8
2024-07-27 16:22:20,454 DEBUG   SenderThread:64970 [sender.py:send_request():406] send_request: poll_exit
2024-07-27 16:22:20,455 DEBUG   HandlerThread:64970 [handler.py:handle_request():158] handle_request: defer
2024-07-27 16:22:20,456 INFO    HandlerThread:64970 [handler.py:handle_request_defer():184] handle defer: 8
2024-07-27 16:22:20,456 DEBUG   SenderThread:64970 [sender.py:send_request():406] send_request: defer
2024-07-27 16:22:20,456 INFO    SenderThread:64970 [sender.py:send_request_defer():610] handle sender defer: 8
2024-07-27 16:22:20,456 INFO    SenderThread:64970 [job_builder.py:build():440] Attempting to build job artifact
2024-07-27 16:22:20,457 INFO    SenderThread:64970 [job_builder.py:_get_source_type():569] is repo sourced job
2024-07-27 16:22:20,485 INFO    SenderThread:64970 [job_builder.py:build():545] adding wandb-job metadata file
2024-07-27 16:22:20,487 INFO    SenderThread:64970 [sender.py:transition_state():614] send defer: 9
2024-07-27 16:22:20,487 DEBUG   HandlerThread:64970 [handler.py:handle_request():158] handle_request: defer
2024-07-27 16:22:20,487 DEBUG   SenderThread:64970 [sender.py:send():379] send: artifact
2024-07-27 16:22:20,487 INFO    HandlerThread:64970 [handler.py:handle_request_defer():184] handle defer: 9
2024-07-27 16:22:20,706 INFO    Thread-12 :64970 [dir_watcher.py:_on_file_modified():288] file/dir modified: /Users/chansmi/Documents/GitHub/collaborative-stegosystem/wandb/run-20240727_162215-b10xwr2m/files/output.log
2024-07-27 16:22:21,243 INFO    wandb-upload_1:64970 [upload_job.py:push():88] Uploaded file /var/folders/4_/8fl8gpsn25q7v8_92m978fd80000gn/T/tmptwvnh08p/wandb-job.json
2024-07-27 16:22:21,272 INFO    wandb-upload_0:64970 [upload_job.py:push():88] Uploaded file /Users/chansmi/Library/Application Support/wandb/artifacts/staging/tmp1lwsp5at
2024-07-27 16:22:21,329 DEBUG   HandlerThread:64970 [handler.py:handle_request():158] handle_request: poll_exit
2024-07-27 16:22:21,900 INFO    SenderThread:64970 [sender.py:send_artifact():1537] sent artifact job-https___github.com_chansmi_collaborative-stegosystem.git_src_main.py - {'id': 'QXJ0aWZhY3Q6MTA0NzU1MjYxMA==', 'state': 'PENDING', 'artifactSequence': {'id': 'QXJ0aWZhY3RDb2xsZWN0aW9uOjMzMDU4NTEyNw==', 'latestArtifact': None}}
2024-07-27 16:22:21,900 DEBUG   SenderThread:64970 [sender.py:send_request():406] send_request: defer
2024-07-27 16:22:21,900 INFO    SenderThread:64970 [sender.py:send_request_defer():610] handle sender defer: 9
2024-07-27 16:22:21,900 INFO    SenderThread:64970 [dir_watcher.py:finish():358] shutting down directory watcher
2024-07-27 16:22:22,714 INFO    SenderThread:64970 [dir_watcher.py:finish():388] scan: /Users/chansmi/Documents/GitHub/collaborative-stegosystem/wandb/run-20240727_162215-b10xwr2m/files
2024-07-27 16:22:22,714 INFO    SenderThread:64970 [dir_watcher.py:finish():402] scan save: /Users/chansmi/Documents/GitHub/collaborative-stegosystem/wandb/run-20240727_162215-b10xwr2m/files/requirements.txt requirements.txt
2024-07-27 16:22:22,714 INFO    SenderThread:64970 [dir_watcher.py:finish():402] scan save: /Users/chansmi/Documents/GitHub/collaborative-stegosystem/wandb/run-20240727_162215-b10xwr2m/files/output.log output.log
2024-07-27 16:22:22,716 INFO    SenderThread:64970 [dir_watcher.py:finish():402] scan save: /Users/chansmi/Documents/GitHub/collaborative-stegosystem/wandb/run-20240727_162215-b10xwr2m/files/config.yaml config.yaml
2024-07-27 16:22:22,716 INFO    SenderThread:64970 [dir_watcher.py:finish():402] scan save: /Users/chansmi/Documents/GitHub/collaborative-stegosystem/wandb/run-20240727_162215-b10xwr2m/files/wandb-summary.json wandb-summary.json
2024-07-27 16:22:22,717 INFO    SenderThread:64970 [dir_watcher.py:finish():402] scan save: /Users/chansmi/Documents/GitHub/collaborative-stegosystem/wandb/run-20240727_162215-b10xwr2m/files/conda-environment.yaml conda-environment.yaml
2024-07-27 16:22:22,718 INFO    SenderThread:64970 [dir_watcher.py:finish():402] scan save: /Users/chansmi/Documents/GitHub/collaborative-stegosystem/wandb/run-20240727_162215-b10xwr2m/files/wandb-metadata.json wandb-metadata.json
2024-07-27 16:22:22,720 INFO    SenderThread:64970 [sender.py:transition_state():614] send defer: 10
2024-07-27 16:22:22,722 DEBUG   SenderThread:64970 [sender.py:send_request():406] send_request: poll_exit
2024-07-27 16:22:22,723 DEBUG   HandlerThread:64970 [handler.py:handle_request():158] handle_request: defer
2024-07-27 16:22:22,723 INFO    HandlerThread:64970 [handler.py:handle_request_defer():184] handle defer: 10
2024-07-27 16:22:22,724 DEBUG   SenderThread:64970 [sender.py:send_request():406] send_request: defer
2024-07-27 16:22:22,724 INFO    SenderThread:64970 [sender.py:send_request_defer():610] handle sender defer: 10
2024-07-27 16:22:22,724 INFO    SenderThread:64970 [file_pusher.py:finish():169] shutting down file pusher
2024-07-27 16:22:22,945 INFO    wandb-upload_1:64970 [upload_job.py:push():130] Uploaded file /Users/chansmi/Documents/GitHub/collaborative-stegosystem/wandb/run-20240727_162215-b10xwr2m/files/requirements.txt
2024-07-27 16:22:22,946 INFO    wandb-upload_2:64970 [upload_job.py:push():130] Uploaded file /Users/chansmi/Documents/GitHub/collaborative-stegosystem/wandb/run-20240727_162215-b10xwr2m/files/output.log
2024-07-27 16:22:23,084 INFO    wandb-upload_3:64970 [upload_job.py:push():130] Uploaded file /Users/chansmi/Documents/GitHub/collaborative-stegosystem/wandb/run-20240727_162215-b10xwr2m/files/config.yaml
2024-07-27 16:22:23,085 INFO    wandb-upload_4:64970 [upload_job.py:push():130] Uploaded file /Users/chansmi/Documents/GitHub/collaborative-stegosystem/wandb/run-20240727_162215-b10xwr2m/files/wandb-summary.json
2024-07-27 16:22:23,085 INFO    wandb-upload_0:64970 [upload_job.py:push():130] Uploaded file /Users/chansmi/Documents/GitHub/collaborative-stegosystem/wandb/run-20240727_162215-b10xwr2m/files/conda-environment.yaml
2024-07-27 16:22:23,290 INFO    Thread-11 (_thread_body):64970 [sender.py:transition_state():614] send defer: 11
2024-07-27 16:22:23,296 DEBUG   HandlerThread:64970 [handler.py:handle_request():158] handle_request: defer
2024-07-27 16:22:23,296 INFO    HandlerThread:64970 [handler.py:handle_request_defer():184] handle defer: 11
2024-07-27 16:22:23,297 DEBUG   SenderThread:64970 [sender.py:send_request():406] send_request: defer
2024-07-27 16:22:23,297 INFO    SenderThread:64970 [sender.py:send_request_defer():610] handle sender defer: 11
2024-07-27 16:22:23,297 INFO    SenderThread:64970 [file_pusher.py:join():175] waiting for file pusher
2024-07-27 16:22:23,298 INFO    SenderThread:64970 [sender.py:transition_state():614] send defer: 12
2024-07-27 16:22:23,298 DEBUG   HandlerThread:64970 [handler.py:handle_request():158] handle_request: defer
2024-07-27 16:22:23,298 INFO    HandlerThread:64970 [handler.py:handle_request_defer():184] handle defer: 12
2024-07-27 16:22:23,298 DEBUG   SenderThread:64970 [sender.py:send_request():406] send_request: defer
2024-07-27 16:22:23,298 INFO    SenderThread:64970 [sender.py:send_request_defer():610] handle sender defer: 12
2024-07-27 16:22:23,298 INFO    SenderThread:64970 [file_stream.py:finish():601] file stream finish called
2024-07-27 16:22:23,355 DEBUG   HandlerThread:64970 [handler.py:handle_request():158] handle_request: poll_exit
2024-07-27 16:22:23,612 INFO    SenderThread:64970 [file_stream.py:finish():605] file stream finish is done
2024-07-27 16:22:23,613 INFO    SenderThread:64970 [sender.py:transition_state():614] send defer: 13
2024-07-27 16:22:23,613 DEBUG   SenderThread:64970 [sender.py:send_request():406] send_request: poll_exit
2024-07-27 16:22:23,614 DEBUG   HandlerThread:64970 [handler.py:handle_request():158] handle_request: defer
2024-07-27 16:22:23,614 INFO    HandlerThread:64970 [handler.py:handle_request_defer():184] handle defer: 13
2024-07-27 16:22:23,614 DEBUG   SenderThread:64970 [sender.py:send_request():406] send_request: defer
2024-07-27 16:22:23,614 INFO    SenderThread:64970 [sender.py:send_request_defer():610] handle sender defer: 13
2024-07-27 16:22:23,615 INFO    SenderThread:64970 [sender.py:transition_state():614] send defer: 14
2024-07-27 16:22:23,615 DEBUG   HandlerThread:64970 [handler.py:handle_request():158] handle_request: defer
2024-07-27 16:22:23,615 DEBUG   SenderThread:64970 [sender.py:send():379] send: final
2024-07-27 16:22:23,615 INFO    HandlerThread:64970 [handler.py:handle_request_defer():184] handle defer: 14
2024-07-27 16:22:23,615 DEBUG   SenderThread:64970 [sender.py:send():379] send: footer
2024-07-27 16:22:23,616 DEBUG   SenderThread:64970 [sender.py:send_request():406] send_request: defer
2024-07-27 16:22:23,616 INFO    SenderThread:64970 [sender.py:send_request_defer():610] handle sender defer: 14
2024-07-27 16:22:23,616 DEBUG   HandlerThread:64970 [handler.py:handle_request():158] handle_request: poll_exit
2024-07-27 16:22:23,617 DEBUG   SenderThread:64970 [sender.py:send_request():406] send_request: poll_exit
2024-07-27 16:22:23,617 DEBUG   HandlerThread:64970 [handler.py:handle_request():158] handle_request: server_info
2024-07-27 16:22:23,617 DEBUG   SenderThread:64970 [sender.py:send_request():406] send_request: server_info
2024-07-27 16:22:23,619 DEBUG   HandlerThread:64970 [handler.py:handle_request():158] handle_request: poll_exit
2024-07-27 16:22:23,619 DEBUG   HandlerThread:64970 [handler.py:handle_request():158] handle_request: get_summary
2024-07-27 16:22:23,620 DEBUG   HandlerThread:64970 [handler.py:handle_request():158] handle_request: sampled_history
2024-07-27 16:22:23,620 DEBUG   HandlerThread:64970 [handler.py:handle_request():158] handle_request: internal_messages
2024-07-27 16:22:23,698 DEBUG   SenderThread:64970 [sender.py:send_request():406] send_request: poll_exit
2024-07-27 16:22:23,698 INFO    MainThread:64970 [wandb_run.py:_footer_history_summary_info():4016] rendering history
2024-07-27 16:22:23,698 INFO    MainThread:64970 [wandb_run.py:_footer_history_summary_info():4048] rendering summary
2024-07-27 16:22:23,698 INFO    MainThread:64970 [wandb_run.py:_footer_sync_info():3975] logging synced files
2024-07-27 16:22:23,699 DEBUG   HandlerThread:64970 [handler.py:handle_request():158] handle_request: shutdown
2024-07-27 16:22:23,699 INFO    HandlerThread:64970 [handler.py:finish():882] shutting down handler
2024-07-27 16:22:24,625 INFO    WriterThread:64970 [datastore.py:close():296] close: /Users/chansmi/Documents/GitHub/collaborative-stegosystem/wandb/run-20240727_162215-b10xwr2m/run-b10xwr2m.wandb
2024-07-27 16:22:24,702 INFO    SenderThread:64970 [sender.py:finish():1615] shutting down sender
2024-07-27 16:22:24,702 INFO    SenderThread:64970 [file_pusher.py:finish():169] shutting down file pusher
2024-07-27 16:22:24,702 INFO    SenderThread:64970 [file_pusher.py:join():175] waiting for file pusher
