2024-07-27 17:36:39,902 INFO    MainThread:75527 [wandb_setup.py:_flush():76] Current SDK version is 0.17.5
2024-07-27 17:36:39,902 INFO    MainThread:75527 [wandb_setup.py:_flush():76] Configure stats pid to 75527
2024-07-27 17:36:39,903 INFO    MainThread:75527 [wandb_setup.py:_flush():76] Loading settings from /Users/chansmi/.config/wandb/settings
2024-07-27 17:36:39,903 INFO    MainThread:75527 [wandb_setup.py:_flush():76] Loading settings from /Users/chansmi/Documents/GitHub/collaborative-stegosystem/wandb/settings
2024-07-27 17:36:39,903 INFO    MainThread:75527 [wandb_setup.py:_flush():76] Loading settings from environment variables: {}
2024-07-27 17:36:39,903 INFO    MainThread:75527 [wandb_setup.py:_flush():76] Applying setup settings: {'_disable_service': False}
2024-07-27 17:36:39,903 INFO    MainThread:75527 [wandb_setup.py:_flush():76] Inferring run settings from compute environment: {'program_relpath': 'src/main.py', 'program_abspath': '/Users/chansmi/Documents/GitHub/collaborative-stegosystem/src/main.py', 'program': '/Users/chansmi/Documents/GitHub/collaborative-stegosystem/src/main.py'}
2024-07-27 17:36:39,903 INFO    MainThread:75527 [wandb_setup.py:_flush():76] Applying login settings: {}
2024-07-27 17:36:39,903 INFO    MainThread:75527 [wandb_init.py:_log_setup():529] Logging user logs to /Users/chansmi/Documents/GitHub/collaborative-stegosystem/wandb/run-20240727_173639-fabi96uu/logs/debug.log
2024-07-27 17:36:39,903 INFO    MainThread:75527 [wandb_init.py:_log_setup():530] Logging internal logs to /Users/chansmi/Documents/GitHub/collaborative-stegosystem/wandb/run-20240727_173639-fabi96uu/logs/debug-internal.log
2024-07-27 17:36:39,903 INFO    MainThread:75527 [wandb_init.py:init():569] calling init triggers
2024-07-27 17:36:39,903 INFO    MainThread:75527 [wandb_init.py:init():576] wandb.init called with sweep_config: {}
config: {'alice_secret': 'The treasure is hidden in the old oak tree.', 'bob_secret': "The password to the vault is 'golden sunset'.", 'max_turns': 10, 'num_episodes': 5}
2024-07-27 17:36:39,903 INFO    MainThread:75527 [wandb_init.py:init():619] starting backend
2024-07-27 17:36:39,903 INFO    MainThread:75527 [wandb_init.py:init():623] setting up manager
2024-07-27 17:36:39,903 INFO    MainThread:75527 [backend.py:_multiprocessing_setup():105] multiprocessing start_methods=spawn,fork,forkserver, using: spawn
2024-07-27 17:36:39,905 INFO    MainThread:75527 [wandb_init.py:init():631] backend started and connected
2024-07-27 17:36:39,906 INFO    MainThread:75527 [wandb_init.py:init():720] updated telemetry
2024-07-27 17:36:39,917 INFO    MainThread:75527 [wandb_init.py:init():753] communicating run to backend with 90.0 second timeout
2024-07-27 17:36:40,214 INFO    MainThread:75527 [wandb_run.py:_on_init():2435] communicating current version
2024-07-27 17:36:40,327 INFO    MainThread:75527 [wandb_run.py:_on_init():2444] got version response 
2024-07-27 17:36:40,328 INFO    MainThread:75527 [wandb_init.py:init():804] starting run threads in backend
2024-07-27 17:36:42,023 INFO    MainThread:75527 [wandb_run.py:_console_start():2413] atexit reg
2024-07-27 17:36:42,023 INFO    MainThread:75527 [wandb_run.py:_redirect():2255] redirect: wrap_raw
2024-07-27 17:36:42,023 INFO    MainThread:75527 [wandb_run.py:_redirect():2320] Wrapping output streams.
2024-07-27 17:36:42,023 INFO    MainThread:75527 [wandb_run.py:_redirect():2345] Redirects installed.
2024-07-27 17:36:42,025 INFO    MainThread:75527 [wandb_init.py:init():847] run started, returning control to user process
2024-07-27 17:40:45,527 INFO    MainThread:75527 [wandb_run.py:_finish():2107] finishing run marl-ne/collaborative-stegosystem/fabi96uu
2024-07-27 17:40:45,528 INFO    MainThread:75527 [wandb_run.py:_atexit_cleanup():2374] got exitcode: 0
2024-07-27 17:40:45,529 INFO    MainThread:75527 [wandb_run.py:_restore():2352] restore
2024-07-27 17:40:45,529 INFO    MainThread:75527 [wandb_run.py:_restore():2358] restore done
2024-07-27 17:40:52,002 INFO    MainThread:75527 [wandb_run.py:_footer_history_summary_info():4016] rendering history
2024-07-27 17:40:52,010 INFO    MainThread:75527 [wandb_run.py:_footer_history_summary_info():4048] rendering summary
2024-07-27 17:40:52,018 INFO    MainThread:75527 [wandb_run.py:_footer_sync_info():3975] logging synced files
